30 Jun 2008 17:26:02:028,http://customercentrix.com,0,null,1214868362028,803,19214,23,failure,main
01 Jul 2008 09:03:58:679,http://customercentrix.com,0,null,1214924638679,800,Amount: 19212,24,failure,main
01 Jul 2008 09:05:10:905,http://customercentrix.com,0,null,1214924710905,802,Amount: 19212,23,failure,main
01 Jul 2008 09:05:15:276,http://customercentrix.com,0,null,1214924715276,793,Amount: 19212,24,failure,main
01 Jul 2008 09:05:19:334,http://customercentrix.com,0,null,1214924719334,807,Amount: 19212,23,failure,main
01 Jul 2008 09:07:41:745,http://customercentrix.com,0,null,1214924861744,790,Amount: 19212,24,failure,main
01 Jul 2008 09:07:59:534,http://customercentrix.com,0,null,1214924879534,813,Amount: 19212,23,failure,main
01 Jul 2008 09:09:39:317,http://customercentrix.com/products.htm,0,null,1214924979317,778,Amount: 9649,12,failure,main
01 Jul 2008 09:57:41:351,http://customercentrix.com/files/LC_logo.gif,0,null,1214927861351,401,Amount: 8121,20,failure,main
01 Jul 2008 09:58:24:184,http://customercentrix.com/files/LC_logo.gif,0,null,1214927904184,310,Amount: 8121,26,failure,main
01 Jul 2008 09:58:28:686,http://customercentrix.com/files/LC_logo.gif,0,null,1214927908686,311,Amount: 8121,26,failure,main
01 Jul 2008 09:58:31:747,http://customercentrix.com/files/LC_logo.gif,0,null,1214927911747,316,Amount: 8121,25,failure,main
01 Jul 2008 09:58:34:710,http://customercentrix.com/files/LC_logo.gif,0,null,1214927914710,312,Amount: 8121,26,failure,main
01 Jul 2008 12:05:00:219,http://customercentrix.com/products.htm,0,null,1214935500219,934,Amount: 9649,10,failure,main
01 Jul 2008 12:05:26:348,http://customercentrix.com/products.htm,0,null,1214935526347,961,Amount: 9649,10,failure,main
01 Jul 2008 12:06:35:211,http://customercentrix.com/products.htm,0,null,1214935595211,857,Amount: 9649,11,failure,main
01 Jul 2008 12:06:58:662,http://customercentrix.com/products.htm,0,null,1214935618662,766,Amount: 9649,12,failure,main
01 Jul 2008 12:08:57:786,http://customercentrix.com/products.htm,0,null,1214935737786,756,Amount: 9649,12,failure,main
01 Jul 2008 12:11:46:425,http://customercentrix.com/products.htm,0,null,1214935906425,768,Amount: 9649,12,failure,main
01 Jul 2008 12:14:01:331,http://customercentrix.com/products.htm,0,null,1214936041330,766,Amount: 9649,12,failure,main
01 Jul 2008 12:14:40:851,http://customercentrix.com/products.htm,0,null,1214936080851,795,Amount: 9649,12,failure,main
01 Jul 2008 12:15:13:970,http://customercentrix.com/products.htm,0,null,1214936113970,851,Amount: 9649,11,failure,main
03 Jul 2008 13:42:57:751,0001,WAIT,,1215114177750,0,0,0,success,main
03 Jul 2008 13:48:26:636,0001,WAIT,,1215114506635,0,0,0,success,main
03 Jul 2008 13:51:39:766,0001,WAIT,,1215114699764,0,0,0,success,main
03 Jul 2008 13:53:43:173,0001,WAIT,1,1215114823171,0,0,0,success,main
03 Jul 2008 13:55:08:374,0001,WAIT,1,1215114908371,0,0,0,success,main
03 Jul 2008 13:56:37:247,0001,WAIT,1,1215114997246,0,0,0,success,main
03 Jul 2008 13:56:53:781,0001,WAIT,1,1215115013780,0,0,0,success,main
03 Jul 2008 13:57:26:324,0001,WAIT,1,1215115046322,0,0,0,success,main
03 Jul 2008 14:04:49:167,0001,WAIT,1,1215115489165,0,0,0,success,main
03 Jul 2008 14:07:24:620,0001,WAIT,1,1215115644619,0,0,0,success,main
03 Jul 2008 14:18:50:312,0001,WAIT,1,1215116330311,0,0,0,success,main
03 Jul 2008 14:21:05:123,0001,WAIT,1,1215116465121,0,0,0,success,main
03 Jul 2008 14:22:07:787,0001,WAIT,1,1215116527786,0,0,0,success,main
03 Jul 2008 14:23:11:799,0001,WAIT,1,1215116591798,0,0,0,success,main
03 Jul 2008 14:23:14:737,0001,INVOKE,2,1215116594737,0,0,0,success,main
03 Jul 2008 14:23:14:739,0001,VERIFY_TITLE,3,1215116594738,0,0,0,success,main
03 Jul 2008 14:30:27:084,0001,WAIT,1,1215117027083,0,0,0,success,main
03 Jul 2008 14:31:11:154,0001,INVOKE,2,1215117071153,0,0,0,success,main
03 Jul 2008 14:31:11:155,0001,VERIFY_TITLE,3,1215117071155,0,0,0,success,main
03 Jul 2008 14:31:55:322,0001,WAIT,1,1215117115320,0,0,0,success,main
03 Jul 2008 14:31:57:239,0001,INVOKE,2,1215117117239,0,0,0,success,main
03 Jul 2008 14:31:57:241,0001,VERIFY_TITLE,3,1215117117240,0,0,0,success,main
03 Jul 2008 14:33:21:425,0001,WAIT,1,1215117201424,0,0,0,success,main
03 Jul 2008 14:34:05:412,0001,INVOKE,2,1215117245412,0,0,0,success,main
03 Jul 2008 14:34:05:413,0001,VERIFY_TITLE,3,1215117245413,0,0,0,success,main
03 Jul 2008 14:43:43:860,0001,WAIT,1,1215117823858,0,0,0,success,main
03 Jul 2008 14:44:06:822,0001,INVOKE,2,1215117846822,0,0,0,success,main
03 Jul 2008 14:44:06:825,0001,VERIFY_TITLE,3,1215117846824,0,0,0,success,main
03 Jul 2008 14:50:32:162,0001,WAIT,1,1215118232160,0,0,0,success,main
03 Jul 2008 14:50:34:118,0001,INVOKE,2,1215118234118,0,0,0,success,main
03 Jul 2008 14:50:34:120,0001,VERIFY_TITLE,3,1215118234119,0,0,0,success,main
03 Jul 2008 14:56:32:208,0001,WAIT,1,1215118592208,0,0,0,success,main
03 Jul 2008 14:56:55:130,0001,INVOKE,2,1215118615130,0,0,0,success,main
03 Jul 2008 14:56:55:133,0001,VERIFY_TITLE,3,1215118615133,0,0,0,success,main
03 Jul 2008 15:01:05:194,0001,WAIT,1,1215118865193,0,0,0,success,main
03 Jul 2008 15:01:28:303,0001,INVOKE,2,1215118888302,0,0,0,success,main
03 Jul 2008 15:01:28:304,0001,VERIFY_TITLE,3,1215118888303,0,0,0,success,main
03 Jul 2008 15:03:23:158,0001,WAIT,1,1215119003158,0,0,0,success,main
03 Jul 2008 15:04:07:485,0001,INVOKE,2,1215119047484,0,0,0,success,main
03 Jul 2008 15:04:07:486,0001,VERIFY_TITLE,3,1215119047486,0,0,0,success,main
03 Jul 2008 15:28:09:422,0001,WAIT,1,1215120489422,0,0,0,success,main
03 Jul 2008 15:28:11:637,0001,INVOKE,2,1215120491637,0,0,0,success,main
03 Jul 2008 15:28:11:639,0001,VERIFY_TITLE,3,1215120491639,0,0,0,success,main
03 Jul 2008 15:28:44:740,0001,WAIT,1,1215120524740,0,0,0,success,main
03 Jul 2008 15:28:47:071,0001,INVOKE,2,1215120527071,0,0,0,success,main
03 Jul 2008 15:28:47:073,0001,VERIFY_TITLE,3,1215120527073,0,0,0,success,main
03 Jul 2008 15:30:46:220,0001,WAIT,1,1215120646220,0,0,0,success,main
03 Jul 2008 15:32:10:994,0001,WAIT,1,1215120730994,0,0,0,success,main
03 Jul 2008 15:32:13:085,0001,INVOKE,2,1215120733085,0,0,0,success,main
03 Jul 2008 15:32:13:087,0001,VERIFY_TITLE,3,1215120733087,0,0,0,success,main
03 Jul 2008 15:33:40:793,0001,WAIT,1,1215120820793,0,0,0,success,main
03 Jul 2008 15:33:42:936,0001,INVOKE,2,1215120822936,0,0,0,success,main
03 Jul 2008 15:33:42:937,0001,VERIFY_TITLE,3,1215120822937,0,0,0,success,main
03 Jul 2008 15:34:22:109,0001,WAIT,1,1215120862108,0,0,0,success,main
03 Jul 2008 15:34:23:961,0001,INVOKE,2,1215120863961,0,0,0,success,main
03 Jul 2008 15:34:23:964,0001,VERIFY_TITLE,3,1215120863964,0,0,0,success,main
03 Jul 2008 15:35:22:320,0001,WAIT,1,1215120922319,0,0,0,success,main
03 Jul 2008 15:35:24:059,0001,INVOKE,2,1215120924059,0,0,0,success,main
03 Jul 2008 15:35:24:064,0001,VERIFY_TITLE,3,1215120924064,0,0,0,failure,main
03 Jul 2008 15:39:41:481,0001,WAIT,1,1215121181481,0,0,0,success,main
03 Jul 2008 15:39:43:302,0001,INVOKE,2,1215121183302,0,0,0,success,main
03 Jul 2008 15:39:43:303,0001,VERIFY_TITLE,3,1215121183303,0,0,0,failure,main
03 Jul 2008 15:39:43:308,0001,BUTTON,4,1215121183308,0,0,0,failure,main
03 Jul 2008 15:39:43:309,0001,SET_INPUT_FIELD,5,1215121183309,0,0,0,success,main
03 Jul 2008 15:40:31:747,0001,WAIT,1,1215121231746,0,0,0,success,main
03 Jul 2008 15:40:53:167,0001,WAIT,1,1215121253167,0,0,0,success,main
03 Jul 2008 15:40:54:754,0001,INVOKE,2,1215121254754,0,0,0,success,main
03 Jul 2008 15:40:54:754,0001,VERIFY_TITLE,3,1215121254754,0,0,0,failure,main
03 Jul 2008 15:40:54:758,0001,BUTTON,4,1215121254758,0,0,0,failure,main
03 Jul 2008 15:40:54:765,0001,SET_INPUT_FIELD,5,1215121254765,0,0,0,success,main
03 Jul 2008 15:40:55:138,0001,INVOKE,2,1215121255138,0,0,0,success,main
03 Jul 2008 15:40:55:139,0001,VERIFY_TITLE,3,1215121255139,0,0,0,failure,main
03 Jul 2008 15:40:55:141,0001,BUTTON,4,1215121255141,0,0,0,failure,main
03 Jul 2008 15:40:55:142,0001,SET_INPUT_FIELD,5,1215121255142,0,0,0,success,main
03 Jul 2008 15:41:17:514,0001,WAIT,1,1215121277514,0,0,0,success,main
03 Jul 2008 15:41:19:463,0001,INVOKE,2,1215121279463,0,0,0,success,main
03 Jul 2008 15:41:19:465,0001,VERIFY_TITLE,3,1215121279465,0,0,0,failure,main
03 Jul 2008 15:41:19:467,0001,BUTTON,4,1215121279467,0,0,0,failure,main
03 Jul 2008 15:41:19:469,0001,SET_INPUT_FIELD,5,1215121279469,0,0,0,success,main
03 Jul 2008 15:42:29:204,0001,WAIT,1,1215121349204,0,0,0,success,main
03 Jul 2008 15:42:51:941,0001,INVOKE,2,1215121371941,0,0,0,success,main
03 Jul 2008 15:42:51:941,0001,VERIFY_TITLE,3,1215121371941,0,0,0,failure,main
03 Jul 2008 15:42:51:944,0001,BUTTON,4,1215121371944,0,0,0,failure,main
03 Jul 2008 15:42:51:945,0001,SET_INPUT_FIELD,5,1215121371945,0,0,0,success,main
03 Jul 2008 15:43:39:193,0001,WAIT,1,1215121419192,0,0,0,success,main
03 Jul 2008 15:44:01:971,0001,INVOKE,2,1215121441971,0,0,0,success,main
03 Jul 2008 15:44:01:972,0001,VERIFY_TITLE,3,1215121441972,0,0,0,failure,main
03 Jul 2008 15:44:01:975,0001,BUTTON,4,1215121441975,0,0,0,failure,main
03 Jul 2008 15:44:01:977,0001,SET_INPUT_FIELD,5,1215121441977,0,0,0,success,main
03 Jul 2008 15:47:07:705,0001,WAIT,1,1215121627705,0,0,0,success,main
03 Jul 2008 15:47:57:714,0001,WAIT,1,1215121677713,0,0,0,success,main
03 Jul 2008 15:47:59:241,0001,INVOKE,2,1215121679241,499,7157,14,success,main
03 Jul 2008 15:47:59:242,0001,VERIFY_TITLE,3,1215121679242,0,0,0,failure,main
03 Jul 2008 15:47:59:244,0001,BUTTON,4,1215121679244,0,0,0,failure,main
03 Jul 2008 15:47:59:244,0001,SET_INPUT_FIELD,5,1215121679244,0,0,0,success,main
03 Jul 2008 15:48:30:051,0001,WAIT,1,1215121710050,0,0,0,success,main
03 Jul 2008 15:48:31:258,0001,INVOKE,2,1215121711258,361,7161,19,success,main
03 Jul 2008 15:48:31:259,0001,VERIFY_TITLE,3,1215121711259,0,0,0,failure,main
03 Jul 2008 15:48:31:260,0001,BUTTON,4,1215121711260,0,0,0,failure,main
03 Jul 2008 15:48:31:261,0001,SET_INPUT_FIELD,5,1215121711261,0,0,0,success,main
03 Jul 2008 15:48:56:517,0001,WAIT,1,1215121736517,0,0,0,success,main
03 Jul 2008 15:48:57:836,0001,INVOKE,2,1215121737836,380,7161,18,success,main
03 Jul 2008 15:48:57:839,0001,VERIFY_TITLE,3,1215121737839,0,0,0,failure,main
03 Jul 2008 15:48:57:841,0001,BUTTON,4,1215121737841,0,0,0,failure,main
03 Jul 2008 15:48:57:842,0001,SET_INPUT_FIELD,5,1215121737842,0,0,0,success,main
03 Jul 2008 15:50:35:635,0001,WAIT,1,1215121835634,0,0,0,success,main
03 Jul 2008 15:50:58:608,0001,INVOKE,2,1215121858608,21830,19212,0,success,main
03 Jul 2008 15:50:58:611,0001,VERIFY_TITLE,3,1215121858611,0,0,0,failure,main
03 Jul 2008 15:50:58:613,0001,BUTTON,4,1215121858613,0,0,0,failure,main
03 Jul 2008 15:50:58:614,0001,SET_INPUT_FIELD,5,1215121858614,0,0,0,success,main
03 Jul 2008 15:52:39:416,0001,WAIT,1,1215121959416,0,0,0,success,main
03 Jul 2008 15:54:04:706,0001,WAIT,1,1215122044706,0,0,0,success,main
03 Jul 2008 15:54:30:800,0001,WAIT,1,1215122070800,0,0,0,success,main
03 Jul 2008 15:54:53:909,0001,INVOKE,2,1215122093909,21824,19212,0,success,main
03 Jul 2008 15:54:53:912,0001,VERIFY_TITLE,3,1215122093912,0,0,0,failure,main
03 Jul 2008 15:54:53:915,0001,BUTTON,4,1215122093915,0,0,0,failure,main
03 Jul 2008 15:54:53:916,0001,SET_INPUT_FIELD,5,1215122093916,0,0,0,success,main
03 Jul 2008 15:56:19:913,0001,WAIT,1,1215122179913,0,0,0,success,main
03 Jul 2008 15:57:04:118,0001,INVOKE,2,1215122224118,42842,19212,0,success,main
03 Jul 2008 15:57:04:119,0001,VERIFY_TITLE,3,1215122224119,0,0,0,failure,main
03 Jul 2008 15:57:04:122,0001,BUTTON,4,1215122224122,0,0,0,failure,main
03 Jul 2008 15:57:04:123,0001,SET_INPUT_FIELD,5,1215122224123,0,0,0,success,main
03 Jul 2008 16:02:39:254,0001,WAIT,1,1215122559254,0,0,0,success,main
03 Jul 2008 16:02:42:499,0001,INVOKE,2,1215122562499,835,19212,23,success,main
03 Jul 2008 16:02:42:502,0001,VERIFY_TITLE,3,1215122562502,0,0,0,failure,main
03 Jul 2008 16:02:42:505,0001,BUTTON,4,1215122562505,0,0,0,failure,main
03 Jul 2008 16:02:42:507,0001,SET_INPUT_FIELD,5,1215122562507,0,0,0,success,main
03 Jul 2008 16:04:14:929,0001,WAIT,1,1215122654929,0,0,0,success,main
03 Jul 2008 16:04:38:676,0001,INVOKE,2,1215122678676,21836,19212,0,success,main
03 Jul 2008 16:04:38:678,0001,VERIFY_TITLE,3,1215122678678,0,0,0,failure,main
03 Jul 2008 16:04:38:682,0001,BUTTON,4,1215122678682,0,0,0,failure,main
03 Jul 2008 16:04:38:683,0001,SET_INPUT_FIELD,5,1215122678683,0,0,0,success,main
03 Jul 2008 16:05:07:415,0001,WAIT,1,1215122707415,0,0,0,success,main
03 Jul 2008 16:05:11:016,0001,INVOKE,2,1215122711016,978,19212,19,success,main
03 Jul 2008 16:05:11:018,0001,VERIFY_TITLE,3,1215122711018,0,0,0,failure,main
03 Jul 2008 16:05:11:022,0001,BUTTON,4,1215122711022,0,0,0,failure,main
03 Jul 2008 16:05:11:023,0001,SET_INPUT_FIELD,5,1215122711023,0,0,0,success,main
03 Jul 2008 16:05:47:114,0001,WAIT,1,1215122747114,0,0,0,success,main
03 Jul 2008 16:05:50:024,0001,INVOKE,2,1215122750024,827,19212,23,success,main
03 Jul 2008 16:05:50:026,0001,VERIFY_TITLE,3,1215122750026,0,0,0,failure,main
03 Jul 2008 16:05:50:030,0001,BUTTON,4,1215122750030,0,0,0,failure,main
03 Jul 2008 16:05:50:032,0001,SET_INPUT_FIELD,5,1215122750032,0,0,0,success,main
03 Jul 2008 16:06:17:390,0001,WAIT,1,1215122777390,0,0,0,success,main
03 Jul 2008 16:06:20:216,0001,INVOKE,2,1215122780216,861,19212,22,success,main
03 Jul 2008 16:06:20:218,0001,VERIFY_TITLE,3,1215122780218,0,0,0,failure,main
03 Jul 2008 16:06:20:224,0001,BUTTON,4,1215122780224,0,0,0,failure,main
03 Jul 2008 16:06:20:226,0001,SET_INPUT_FIELD,5,1215122780226,0,0,0,success,main
03 Jul 2008 16:06:51:431,0001,WAIT,1,1215122811431,0,0,0,success,main
03 Jul 2008 16:06:54:142,0001,INVOKE,2,1215122814142,819,19212,23,success,main
03 Jul 2008 16:06:54:144,0001,VERIFY_TITLE,3,1215122814144,0,0,0,failure,main
03 Jul 2008 16:06:54:150,0001,BUTTON,4,1215122814150,0,0,0,failure,main
03 Jul 2008 16:06:54:153,0001,SET_INPUT_FIELD,5,1215122814153,0,0,0,success,main
03 Jul 2008 16:07:12:015,0001,WAIT,1,1215122832015,0,0,0,success,main
03 Jul 2008 16:07:14:673,0001,INVOKE,2,1215122834673,821,19212,23,success,main
03 Jul 2008 16:07:14:675,0001,VERIFY_TITLE,3,1215122834675,0,0,0,failure,main
03 Jul 2008 16:07:14:679,0001,BUTTON,4,1215122834679,0,0,0,failure,main
03 Jul 2008 16:07:14:681,0001,SET_INPUT_FIELD,5,1215122834681,0,0,0,success,main
03 Jul 2008 16:09:22:450,0001,WAIT,1,1215122962450,0,0,0,success,main
03 Jul 2008 16:09:31:188,0001,WAIT,1,1215122971188,0,0,0,success,main
03 Jul 2008 16:09:33:175,0001,INVOKE,2,1215122973175,583,7151,12,success,main
03 Jul 2008 16:09:33:177,0001,VERIFY_TITLE,3,1215122973177,0,0,0,failure,main
03 Jul 2008 16:09:33:179,0001,BUTTON,4,1215122973179,0,0,0,failure,main
03 Jul 2008 16:09:33:181,0001,SET_INPUT_FIELD,5,1215122973181,0,0,0,success,main
03 Jul 2008 16:10:08:447,0001,WAIT,1,1215123008447,0,0,0,success,main
03 Jul 2008 16:10:10:219,0001,INVOKE,2,1215123010219,451,7161,15,success,main
03 Jul 2008 16:10:10:221,0001,VERIFY_TITLE,3,1215123010221,0,0,0,failure,main
03 Jul 2008 16:10:10:224,0001,BUTTON,4,1215123010224,0,0,0,failure,main
03 Jul 2008 16:10:10:226,0001,SET_INPUT_FIELD,5,1215123010226,0,0,0,success,main
03 Jul 2008 16:12:11:412,0001,WAIT,1,1215123131412,0,0,0,success,main
03 Jul 2008 16:12:13:195,0001,INVOKE,2,1215123133195,368,7161,19,success,main
03 Jul 2008 16:12:13:198,0001,VERIFY_TITLE,3,1215123133198,0,0,0,failure,main
03 Jul 2008 16:12:13:200,0001,BUTTON,4,1215123133200,0,0,0,failure,main
03 Jul 2008 16:12:13:202,0001,SET_INPUT_FIELD,5,1215123133202,0,0,0,success,main
03 Jul 2008 16:12:33:882,0001,WAIT,1,1215123153882,0,0,0,success,main
03 Jul 2008 16:12:35:395,0001,INVOKE,2,1215123155395,363,7147,19,success,main
03 Jul 2008 16:12:35:397,0001,VERIFY_TITLE,3,1215123155397,0,0,0,failure,main
03 Jul 2008 16:12:35:399,0001,BUTTON,4,1215123155399,0,0,0,failure,main
03 Jul 2008 16:12:35:401,0001,SET_INPUT_FIELD,5,1215123155401,0,0,0,success,main
03 Jul 2008 16:13:24:767,0001,WAIT,1,1215123204766,0,0,0,success,main
03 Jul 2008 16:17:39:124,0001,WAIT,1,1215123459124,0,0,0,success,main
03 Jul 2008 16:22:29:391,0001,WAIT,1,1215123749390,0,0,0,success,main
03 Jul 2008 16:25:39:963,0001,WAIT,1,1215123939962,0,0,0,success,main
03 Jul 2008 16:27:21:025,0001,INVOKE,2,1215124041025,328,79624,242,success,main
03 Jul 2008 16:27:21:026,0001,VERIFY_TITLE,3,1215124041026,0,0,0,failure,main
03 Jul 2008 16:27:21:029,0001,BUTTON,4,1215124041029,0,0,0,failure,main
03 Jul 2008 16:27:21:030,0001,SET_INPUT_FIELD,5,1215124041030,0,0,0,success,main
